config ~$ [ INFO ](2024-01-05 18:07:46,404) - .env file was loaded successfully
config ~$ [ ERROR ](2024-01-05 18:07:46,404) - BOT_TOKEN was not founded in .env file!
config ~$ [ INFO ](2024-01-05 18:08:05,372) - .env file was loaded successfully
config ~$ [ ERROR ](2024-01-05 18:08:05,372) - BOT_TOKEN was not founded in .env file!
config ~$ [ INFO ](2024-01-05 18:17:25,603) - .env file was loaded successfully
config ~$ [ ERROR ](2024-01-05 18:17:25,604) - BOT_TOKEN was not founded in .env file!
config ~$ [ INFO ](2024-01-05 18:17:42,073) - .env file was loaded successfully
__main__ ~$ [ INFO ](2024-01-05 18:17:42,267) - Bot was created successfully
config ~$ [ INFO ](2024-01-05 18:18:48,170) - .env file was loaded successfully
__main__ ~$ [ INFO ](2024-01-05 18:18:48,310) - Bot was created successfully
INFO:aiogram.dispatcher:Start polling
INFO:aiogram.dispatcher:Run polling for bot @nn_chat_roulete_bot id=6208787170 - 'NudeChat'
INFO:aiogram.event:Update id=25804848 is handled. Duration 801 ms by bot id=6208787170
INFO:aiogram.event:Update id=25804849 is not handled. Duration 0 ms by bot id=6208787170
WARNING:aiogram.dispatcher:Received SIGINT signal
INFO:aiogram.dispatcher:Polling stopped for bot @nn_chat_roulete_bot id=6208787170 - 'NudeChat'
INFO:aiogram.dispatcher:Polling stopped
bot.config ~$ [ INFO ](2024-01-06 13:21:51,472) - .env file was loaded successfully
bot.config ~$ [ INFO ](2024-01-06 13:22:06,033) - .env file was loaded successfully
bot.config ~$ [ INFO ](2024-01-06 13:22:30,368) - .env file was loaded successfully
bot.config ~$ [ INFO ](2024-01-06 13:22:38,578) - .env file was loaded successfully
bot.config ~$ [ INFO ](2024-01-06 13:23:07,711) - .env file was loaded successfully
bot.config ~$ [ INFO ](2024-01-06 13:23:33,512) - .env file was loaded successfully
bot.config ~$ [ INFO ](2024-01-06 13:23:49,285) - .env file was loaded successfully
bot.config ~$ [ INFO ](2024-01-06 13:23:53,089) - .env file was loaded successfully
bot.config ~$ [ INFO ](2024-01-06 13:23:54,191) - .env file was loaded successfully
bot.config ~$ [ INFO ](2024-01-06 13:23:55,266) - .env file was loaded successfully
bot.config ~$ [ INFO ](2024-01-06 13:23:56,401) - .env file was loaded successfully
bot.config ~$ [ INFO ](2024-01-06 13:24:02,855) - .env file was loaded successfully
bot.config ~$ [ INFO ](2024-01-06 13:24:04,679) - .env file was loaded successfully
bot.config ~$ [ INFO ](2024-01-06 13:24:12,302) - .env file was loaded successfully
bot.config ~$ [ INFO ](2024-01-06 13:24:14,613) - .env file was loaded successfully
bot.config ~$ [ INFO ](2024-01-06 13:24:33,424) - .env file was loaded successfully
bot.config ~$ [ INFO ](2024-01-06 13:27:15,102) - .env file was loaded successfully
bot.config ~$ [ INFO ](2024-01-06 13:28:05,136) - .env file was loaded successfully
bot.config ~$ [ INFO ](2024-01-06 13:28:23,605) - .env file was loaded successfully
bot.config ~$ [ INFO ](2024-01-06 13:28:31,004) - .env file was loaded successfully
bot.config ~$ [ INFO ](2024-01-06 13:28:51,440) - .env file was loaded successfully
bot.config ~$ [ INFO ](2024-01-06 13:28:57,569) - .env file was loaded successfully
bot.config ~$ [ INFO ](2024-01-06 13:50:35,108) - .env file was loaded successfully
bot.config ~$ [ INFO ](2024-01-06 13:50:56,541) - .env file was loaded successfully
bot.config ~$ [ INFO ](2024-01-06 13:51:59,743) - .env file was loaded successfully
bot.config ~$ [ INFO ](2024-01-06 13:52:03,219) - .env file was loaded successfully
bot.config ~$ [ INFO ](2024-01-06 13:52:04,795) - .env file was loaded successfully
bot.config ~$ [ INFO ](2024-01-06 13:52:09,611) - .env file was loaded successfully
bot.config ~$ [ INFO ](2024-01-06 13:52:27,556) - .env file was loaded successfully
